/*C3*/SET SCHEMA PUBLIC
alter table t_organization drop constraint FK9mawfyn1elq9jw463yme5qc02
alter table t_organization drop constraint FK2vvgjq8id124ri11utxdxan21
drop table t_org_type if exists
drop table t_organization if exists
drop table t_user if exists
drop sequence hibernate_sequence if exists
create sequence hibernate_sequence start with 1 increment by 1
create table t_org_type (f_org_type_id bigint not null, f_name_org_type varchar(255) not null, primary key (f_org_type_id))
create table t_organization (f_org_id bigint not null, f_org_additional_information varchar(255), f_org_address varchar(255), f_date date, f_org_number_of_staff integer, f_org_description longvarchar, f_org_name varchar(30) not null, f_org_phone_number varchar(255), f_user_id bigint, f_org_type_id bigint, primary key (f_org_id))
create table t_user (f_user_id bigint not null, f_first_name varchar(30) not null, f_last_name varchar(30) not null, f_middle_name varchar(30) not null, primary key (f_user_id))
alter table t_organization add constraint FK9mawfyn1elq9jw463yme5qc02 foreign key (f_user_id) references t_user
alter table t_organization add constraint FK2vvgjq8id124ri11utxdxan21 foreign key (f_org_type_id) references t_org_type
INSERT INTO T_USER VALUES(1,'\u0421\u0435\u0440\u0433\u0435\u0439','\u0418\u0432\u0430\u043d\u043e\u0432','\u041f\u0435\u0442\u0440\u043e\u0432\u0438\u0447')
ALTER SEQUENCE PUBLIC.HIBERNATE_SEQUENCE RESTART WITH 2
COMMIT
INSERT INTO T_USER VALUES(2,'\u041f\u0435\u0442\u0440','\u041f\u0435\u0442\u0440\u043e\u0432','\u0421\u0435\u0440\u0433\u0435\u0435\u0432\u0438\u0447')
ALTER SEQUENCE PUBLIC.HIBERNATE_SEQUENCE RESTART WITH 3
COMMIT
INSERT INTO T_USER VALUES(3,'\u0421\u0435\u043c\u0435\u043d','\u0421\u0438\u0434\u043e\u0440\u043e\u0432','\u0418\u0432\u0430\u043d\u043e\u0432\u0438\u0447')
ALTER SEQUENCE PUBLIC.HIBERNATE_SEQUENCE RESTART WITH 4
COMMIT
INSERT INTO T_ORG_TYPE VALUES(4,'\u041f\u0440\u043e\u0434\u0430\u0436\u0430 \u043a\u043e\u043c\u043f\u044c\u044e\u0442\u0435\u0440\u043d\u043e\u0439 \u0442\u0435\u0445\u043d\u0438\u043a\u0438')
ALTER SEQUENCE PUBLIC.HIBERNATE_SEQUENCE RESTART WITH 5
COMMIT
INSERT INTO T_ORG_TYPE VALUES(5,'\u0420\u0435\u043c\u043e\u043d\u0442 \u043a\u043e\u043c\u043f\u044c\u044e\u0442\u0435\u0440\u043d\u043e\u0439 \u0442\u0435\u0445\u043d\u0438\u043a\u0438')
ALTER SEQUENCE PUBLIC.HIBERNATE_SEQUENCE RESTART WITH 6
COMMIT
INSERT INTO T_ORG_TYPE VALUES(6,'\u0423\u0442\u0438\u043b\u0438\u0437\u0430\u0446\u0438\u044f \u0445\u0438\u043c\u0438\u0447\u0435\u0441\u043a\u0438\u0445 \u043e\u0442\u0445\u043e\u0434\u043e\u0432')
ALTER SEQUENCE PUBLIC.HIBERNATE_SEQUENCE RESTART WITH 7
COMMIT
INSERT INTO T_ORG_TYPE VALUES(7,'\u0421\u0442\u0440\u0430\u0445\u043e\u0432\u0430\u044f \u043a\u043e\u043c\u043f\u0430\u043d\u0438\u044f')
ALTER SEQUENCE PUBLIC.HIBERNATE_SEQUENCE RESTART WITH 8
COMMIT
INSERT INTO T_ORGANIZATION VALUES(8,'sdfdsf','\u0432\u043c\u044b\u0432\u043c','2018-05-11',123,'sdfsdf','dfssf','+375295119520',1,4)
ALTER SEQUENCE PUBLIC.HIBERNATE_SEQUENCE RESTART WITH 9
COMMIT
DELETE FROM T_ORGANIZATION WHERE F_ORG_ID=8
INSERT INTO T_ORGANIZATION VALUES(8,'sdfdsf','\u0432\u043c\u044b\u0432\u043c','2018-05-11',123,'sdfsdf','dfssf111','+375295119520',1,4)
COMMIT
DELETE FROM T_ORGANIZATION WHERE F_ORG_ID=8
COMMIT
INSERT INTO T_ORG_TYPE VALUES(9,'\u0432\u044b\u0430\u044b\u0430\u0432\u044b')
ALTER SEQUENCE PUBLIC.HIBERNATE_SEQUENCE RESTART WITH 10
COMMIT
DELETE FROM T_ORG_TYPE WHERE F_ORG_TYPE_ID=9
COMMIT
DELETE FROM T_ORG_TYPE WHERE F_ORG_TYPE_ID=7
COMMIT
INSERT INTO T_USER VALUES(10,'\u0418\u043b\u044c\u044f','\u0410\u0442\u043b\u044f\u043a\u043e\u0432','\u0410\u043d\u0434\u0440\u0435\u0435\u0432\u0438\u0447')
ALTER SEQUENCE PUBLIC.HIBERNATE_SEQUENCE RESTART WITH 11
COMMIT
DELETE FROM T_USER WHERE F_USER_ID=10
COMMIT
